  pyq移动.cpp
D:\zhuVScont\V C++\Game\Flashs.h(30,20): warning C4244: “参数”: 从“double”转换到“int”，可能丢失数据
D:\zhuVScont\V C++\Game\Flashs.h(30,13): warning C4244: “参数”: 从“double”转换到“int”，可能丢失数据
D:\zhuVScont\V C++\Game\Flashs.h(31,20): warning C4244: “参数”: 从“double”转换到“int”，可能丢失数据
D:\zhuVScont\V C++\Game\Flashs.h(31,13): warning C4244: “参数”: 从“double”转换到“int”，可能丢失数据
D:\zhuVScont\V C++\Game\Flashs.h(37,20): warning C4244: “参数”: 从“double”转换到“int”，可能丢失数据
D:\zhuVScont\V C++\Game\Flashs.h(37,13): warning C4244: “参数”: 从“double”转换到“int”，可能丢失数据
D:\zhuVScont\V C++\Game\Flashs.h(38,20): warning C4244: “参数”: 从“double”转换到“int”，可能丢失数据
D:\zhuVScont\V C++\Game\Flashs.h(38,13): warning C4244: “参数”: 从“double”转换到“int”，可能丢失数据
D:\zhuVScont\V C++\Game\Flashs.h(47,20): warning C4244: “参数”: 从“double”转换到“int”，可能丢失数据
D:\zhuVScont\V C++\Game\Flashs.h(47,13): warning C4244: “参数”: 从“double”转换到“int”，可能丢失数据
D:\zhuVScont\V C++\Game\Flashs.h(48,20): warning C4244: “参数”: 从“double”转换到“int”，可能丢失数据
D:\zhuVScont\V C++\Game\Flashs.h(48,13): warning C4244: “参数”: 从“double”转换到“int”，可能丢失数据
D:\zhuVScont\V C++\Game\Flashs.h(54,20): warning C4244: “参数”: 从“double”转换到“int”，可能丢失数据
D:\zhuVScont\V C++\Game\Flashs.h(54,13): warning C4244: “参数”: 从“double”转换到“int”，可能丢失数据
D:\zhuVScont\V C++\Game\Flashs.h(55,20): warning C4244: “参数”: 从“double”转换到“int”，可能丢失数据
D:\zhuVScont\V C++\Game\Flashs.h(55,13): warning C4244: “参数”: 从“double”转换到“int”，可能丢失数据
D:\zhuVScont\V C++\Game\Weapon.h(278,19): warning C4244: “参数”: 从“double”转换到“int”，可能丢失数据
D:\zhuVScont\V C++\Game\Weapon.h(278,11): warning C4244: “参数”: 从“double”转换到“int”，可能丢失数据
D:\zhuVScont\V C++\Game\Weapon.h(279,19): warning C4244: “参数”: 从“double”转换到“int”，可能丢失数据
D:\zhuVScont\V C++\Game\Weapon.h(279,11): warning C4244: “参数”: 从“double”转换到“int”，可能丢失数据
D:\zhuVScont\V C++\Game\Weapon.h(319,20): warning C4244: “参数”: 从“double”转换到“int”，可能丢失数据
D:\zhuVScont\V C++\Game\Weapon.h(319,12): warning C4244: “参数”: 从“double”转换到“int”，可能丢失数据
D:\zhuVScont\V C++\Game\Weapon.h(320,20): warning C4244: “参数”: 从“double”转换到“int”，可能丢失数据
D:\zhuVScont\V C++\Game\Weapon.h(320,12): warning C4244: “参数”: 从“double”转换到“int”，可能丢失数据
D:\zhuVScont\V C++\Game\Weapon.h(324,20): warning C4244: “参数”: 从“double”转换到“int”，可能丢失数据
D:\zhuVScont\V C++\Game\Weapon.h(324,12): warning C4244: “参数”: 从“double”转换到“int”，可能丢失数据
D:\zhuVScont\V C++\Game\Weapon.h(325,20): warning C4244: “参数”: 从“double”转换到“int”，可能丢失数据
D:\zhuVScont\V C++\Game\Weapon.h(325,12): warning C4244: “参数”: 从“double”转换到“int”，可能丢失数据
D:\zhuVScont\V C++\Game\Weapon.h(330,21): warning C4244: “参数”: 从“double”转换到“int”，可能丢失数据
D:\zhuVScont\V C++\Game\Weapon.h(330,13): warning C4244: “参数”: 从“double”转换到“int”，可能丢失数据
D:\zhuVScont\V C++\Game\Weapon.h(331,21): warning C4244: “参数”: 从“double”转换到“int”，可能丢失数据
D:\zhuVScont\V C++\Game\Weapon.h(331,13): warning C4244: “参数”: 从“double”转换到“int”，可能丢失数据
D:\zhuVScont\V C++\Game\Weapon.h(334,21): warning C4244: “参数”: 从“double”转换到“int”，可能丢失数据
D:\zhuVScont\V C++\Game\Weapon.h(334,13): warning C4244: “参数”: 从“double”转换到“int”，可能丢失数据
D:\zhuVScont\V C++\Game\Weapon.h(335,21): warning C4244: “参数”: 从“double”转换到“int”，可能丢失数据
D:\zhuVScont\V C++\Game\Weapon.h(335,13): warning C4244: “参数”: 从“double”转换到“int”，可能丢失数据
D:\zhuVScont\V C++\Game\Weapon.h(344,15): warning C4244: “参数”: 从“double”转换到“int”，可能丢失数据
D:\zhuVScont\V C++\Game\Weapon.h(344,12): warning C4244: “参数”: 从“double”转换到“int”，可能丢失数据
D:\zhuVScont\V C++\Game\Weapon.h(345,15): warning C4244: “参数”: 从“double”转换到“int”，可能丢失数据
D:\zhuVScont\V C++\Game\Weapon.h(345,12): warning C4244: “参数”: 从“double”转换到“int”，可能丢失数据
D:\zhuVScont\V C++\Game\Weapon.h(349,15): warning C4244: “参数”: 从“double”转换到“int”，可能丢失数据
D:\zhuVScont\V C++\Game\Weapon.h(349,12): warning C4244: “参数”: 从“double”转换到“int”，可能丢失数据
D:\zhuVScont\V C++\Game\Weapon.h(350,15): warning C4244: “参数”: 从“double”转换到“int”，可能丢失数据
D:\zhuVScont\V C++\Game\Weapon.h(350,12): warning C4244: “参数”: 从“double”转换到“int”，可能丢失数据
D:\zhuVScont\V C++\Game\Weapon.h(354,15): warning C4244: “参数”: 从“double”转换到“int”，可能丢失数据
D:\zhuVScont\V C++\Game\Weapon.h(354,12): warning C4244: “参数”: 从“double”转换到“int”，可能丢失数据
D:\zhuVScont\V C++\Game\Weapon.h(355,15): warning C4244: “参数”: 从“double”转换到“int”，可能丢失数据
D:\zhuVScont\V C++\Game\Weapon.h(355,12): warning C4244: “参数”: 从“double”转换到“int”，可能丢失数据
D:\zhuVScont\V C++\Game\Bullet.h(104,33): warning C4244: “参数”: 从“double”转换到“int”，可能丢失数据
D:\zhuVScont\V C++\Game\Bullet.h(104,15): warning C4244: “参数”: 从“double”转换到“int”，可能丢失数据
D:\zhuVScont\V C++\Game\Bullet.h(105,33): warning C4244: “参数”: 从“double”转换到“int”，可能丢失数据
D:\zhuVScont\V C++\Game\Bullet.h(105,15): warning C4244: “参数”: 从“double”转换到“int”，可能丢失数据
D:\zhuVScont\V C++\Game\Bullet.h(109,33): warning C4244: “参数”: 从“double”转换到“int”，可能丢失数据
D:\zhuVScont\V C++\Game\Bullet.h(109,15): warning C4244: “参数”: 从“double”转换到“int”，可能丢失数据
D:\zhuVScont\V C++\Game\Bullet.h(110,33): warning C4244: “参数”: 从“double”转换到“int”，可能丢失数据
D:\zhuVScont\V C++\Game\Bullet.h(110,15): warning C4244: “参数”: 从“double”转换到“int”，可能丢失数据
D:\zhuVScont\V C++\Game\Bullet.h(114,33): warning C4244: “参数”: 从“double”转换到“int”，可能丢失数据
D:\zhuVScont\V C++\Game\Bullet.h(114,15): warning C4244: “参数”: 从“double”转换到“int”，可能丢失数据
D:\zhuVScont\V C++\Game\Bullet.h(115,33): warning C4244: “参数”: 从“double”转换到“int”，可能丢失数据
D:\zhuVScont\V C++\Game\Bullet.h(115,15): warning C4244: “参数”: 从“double”转换到“int”，可能丢失数据
D:\zhuVScont\V C++\Game\Bullet.h(119,33): warning C4244: “参数”: 从“double”转换到“int”，可能丢失数据
D:\zhuVScont\V C++\Game\Bullet.h(119,15): warning C4244: “参数”: 从“double”转换到“int”，可能丢失数据
D:\zhuVScont\V C++\Game\Bullet.h(120,33): warning C4244: “参数”: 从“double”转换到“int”，可能丢失数据
D:\zhuVScont\V C++\Game\Bullet.h(120,15): warning C4244: “参数”: 从“double”转换到“int”，可能丢失数据
D:\zhuVScont\V C++\Game\Bullet.h(124,33): warning C4244: “参数”: 从“double”转换到“int”，可能丢失数据
D:\zhuVScont\V C++\Game\Bullet.h(124,15): warning C4244: “参数”: 从“double”转换到“int”，可能丢失数据
D:\zhuVScont\V C++\Game\Bullet.h(125,33): warning C4244: “参数”: 从“double”转换到“int”，可能丢失数据
D:\zhuVScont\V C++\Game\Bullet.h(125,15): warning C4244: “参数”: 从“double”转换到“int”，可能丢失数据
D:\zhuVScont\V C++\Game\Bullet.h(129,33): warning C4244: “参数”: 从“double”转换到“int”，可能丢失数据
D:\zhuVScont\V C++\Game\Bullet.h(129,15): warning C4244: “参数”: 从“double”转换到“int”，可能丢失数据
D:\zhuVScont\V C++\Game\Bullet.h(130,33): warning C4244: “参数”: 从“double”转换到“int”，可能丢失数据
D:\zhuVScont\V C++\Game\Bullet.h(130,15): warning C4244: “参数”: 从“double”转换到“int”，可能丢失数据
D:\zhuVScont\V C++\Game\Bullet.h(134,33): warning C4244: “参数”: 从“double”转换到“int”，可能丢失数据
D:\zhuVScont\V C++\Game\Bullet.h(134,15): warning C4244: “参数”: 从“double”转换到“int”，可能丢失数据
D:\zhuVScont\V C++\Game\Bullet.h(135,33): warning C4244: “参数”: 从“double”转换到“int”，可能丢失数据
D:\zhuVScont\V C++\Game\Bullet.h(135,15): warning C4244: “参数”: 从“double”转换到“int”，可能丢失数据
D:\zhuVScont\V C++\Game\Bullet.h(139,33): warning C4244: “参数”: 从“double”转换到“int”，可能丢失数据
D:\zhuVScont\V C++\Game\Bullet.h(139,15): warning C4244: “参数”: 从“double”转换到“int”，可能丢失数据
D:\zhuVScont\V C++\Game\Bullet.h(140,33): warning C4244: “参数”: 从“double”转换到“int”，可能丢失数据
D:\zhuVScont\V C++\Game\Bullet.h(140,15): warning C4244: “参数”: 从“double”转换到“int”，可能丢失数据
D:\zhuVScont\V C++\Game\Bullet.h(145,32): warning C4244: “参数”: 从“double”转换到“int”，可能丢失数据
D:\zhuVScont\V C++\Game\Bullet.h(145,14): warning C4244: “参数”: 从“double”转换到“int”，可能丢失数据
D:\zhuVScont\V C++\Game\Bullet.h(146,32): warning C4244: “参数”: 从“double”转换到“int”，可能丢失数据
D:\zhuVScont\V C++\Game\Bullet.h(146,14): warning C4244: “参数”: 从“double”转换到“int”，可能丢失数据
D:\zhuVScont\V C++\Game\Map.h(54,28): warning C4244: “=”: 从“double”转换到“int”，可能丢失数据
D:\zhuVScont\V C++\Game\Map.h(67,28): warning C4244: “=”: 从“double”转换到“int”，可能丢失数据
D:\zhuVScont\V C++\Game\Map.h(80,28): warning C4244: “=”: 从“double”转换到“int”，可能丢失数据
D:\zhuVScont\V C++\Game\Map.h(93,28): warning C4244: “=”: 从“double”转换到“int”，可能丢失数据
D:\zhuVScont\V C++\Game\Drop.h(96,14): warning C4244: “参数”: 从“double”转换到“int”，可能丢失数据
D:\zhuVScont\V C++\Game\Drop.h(96,11): warning C4244: “参数”: 从“double”转换到“int”，可能丢失数据
D:\zhuVScont\V C++\Game\Drop.h(97,14): warning C4244: “参数”: 从“double”转换到“int”，可能丢失数据
D:\zhuVScont\V C++\Game\Drop.h(97,11): warning C4244: “参数”: 从“double”转换到“int”，可能丢失数据
D:\zhuVScont\V C++\Game\Drop.h(102,14): warning C4244: “参数”: 从“double”转换到“int”，可能丢失数据
D:\zhuVScont\V C++\Game\Drop.h(102,11): warning C4244: “参数”: 从“double”转换到“int”，可能丢失数据
D:\zhuVScont\V C++\Game\Drop.h(103,14): warning C4244: “参数”: 从“double”转换到“int”，可能丢失数据
D:\zhuVScont\V C++\Game\Drop.h(103,11): warning C4244: “参数”: 从“double”转换到“int”，可能丢失数据
D:\zhuVScont\V C++\Game\Player.h(257,101): warning C4244: “参数”: 从“double”转换到“int”，可能丢失数据
D:\zhuVScont\V C++\Game\Player.h(259,101): warning C4244: “参数”: 从“double”转换到“int”，可能丢失数据
D:\zhuVScont\V C++\Game\Player.h(264,85): warning C4244: “参数”: 从“double”转换到“int”，可能丢失数据
D:\zhuVScont\V C++\Game\Player.h(266,85): warning C4244: “参数”: 从“double”转换到“int”，可能丢失数据
D:\zhuVScont\V C++\Game\Player.h(281,81): warning C4244: “参数”: 从“double”转换到“int”，可能丢失数据
D:\zhuVScont\V C++\Game\Player.h(285,84): warning C4244: “参数”: 从“double”转换到“int”，可能丢失数据
D:\zhuVScont\V C++\Game\Player.h(337,13): warning C4244: “-=”: 从“double”转换到“int”，可能丢失数据
D:\zhuVScont\V C++\Game\Player.h(349,36): warning C4244: “+=”: 从“double”转换到“int”，可能丢失数据
D:\zhuVScont\V C++\Game\Player.h(355,39): warning C4244: “+=”: 从“double”转换到“int”，可能丢失数据
D:\zhuVScont\V C++\Game\Player.h(359,37): warning C4244: “+=”: 从“double”转换到“int”，可能丢失数据
D:\zhuVScont\V C++\Game\Player.h(401,44): warning C4244: “参数”: 从“double”转换到“int”，可能丢失数据
D:\zhuVScont\V C++\Game\Player.h(401,14): warning C4244: “参数”: 从“double”转换到“int”，可能丢失数据
D:\zhuVScont\V C++\Game\Player.h(402,44): warning C4244: “参数”: 从“double”转换到“int”，可能丢失数据
D:\zhuVScont\V C++\Game\Player.h(402,14): warning C4244: “参数”: 从“double”转换到“int”，可能丢失数据
D:\zhuVScont\V C++\Game\Player.h(679,23): warning C4244: “参数”: 从“double”转换到“int”，可能丢失数据
D:\zhuVScont\V C++\Game\Player.h(679,16): warning C4244: “参数”: 从“double”转换到“int”，可能丢失数据
D:\zhuVScont\V C++\Game\Player.h(683,22): warning C4244: “参数”: 从“double”转换到“int”，可能丢失数据
D:\zhuVScont\V C++\Game\Player.h(683,15): warning C4244: “参数”: 从“double”转换到“int”，可能丢失数据
D:\zhuVScont\V C++\Game\Player.h(691,21): warning C4244: “参数”: 从“double”转换到“int”，可能丢失数据
D:\zhuVScont\V C++\Game\Player.h(691,14): warning C4244: “参数”: 从“double”转换到“int”，可能丢失数据
D:\zhuVScont\V C++\Game\Player.h(692,21): warning C4244: “参数”: 从“double”转换到“int”，可能丢失数据
D:\zhuVScont\V C++\Game\Player.h(692,14): warning C4244: “参数”: 从“double”转换到“int”，可能丢失数据
D:\zhuVScont\V C++\Game\Player.h(696,21): warning C4244: “参数”: 从“double”转换到“int”，可能丢失数据
D:\zhuVScont\V C++\Game\Player.h(696,14): warning C4244: “参数”: 从“double”转换到“int”，可能丢失数据
D:\zhuVScont\V C++\Game\Player.h(697,21): warning C4244: “参数”: 从“double”转换到“int”，可能丢失数据
D:\zhuVScont\V C++\Game\Player.h(697,14): warning C4244: “参数”: 从“double”转换到“int”，可能丢失数据
D:\zhuVScont\V C++\Game\Player.h(704,25): warning C4244: “参数”: 从“double”转换到“int”，可能丢失数据
D:\zhuVScont\V C++\Game\Player.h(704,18): warning C4244: “参数”: 从“double”转换到“int”，可能丢失数据
D:\zhuVScont\V C++\Game\Player.h(708,24): warning C4244: “参数”: 从“double”转换到“int”，可能丢失数据
D:\zhuVScont\V C++\Game\Player.h(708,17): warning C4244: “参数”: 从“double”转换到“int”，可能丢失数据
D:\zhuVScont\V C++\Game\Player.h(756,9): warning C4101: “drawX”: 未引用的局部变量
D:\zhuVScont\V C++\Game\Player.h(756,16): warning C4101: “drawY”: 未引用的局部变量
D:\zhuVScont\V C++\Game\Enemy.h(46,13): warning C4244: “=”: 从“double”转换到“int”，可能丢失数据
D:\zhuVScont\V C++\Game\Enemy.h(47,21): warning C4244: “=”: 从“double”转换到“int”，可能丢失数据
D:\zhuVScont\V C++\Game\Enemy.h(48,13): warning C4244: “=”: 从“double”转换到“int”，可能丢失数据
D:\zhuVScont\V C++\Game\Enemy.h(177,38): warning C4244: “参数”: 从“double”转换到“int”，可能丢失数据
D:\zhuVScont\V C++\Game\Enemy.h(177,23): warning C4244: “参数”: 从“double”转换到“int”，可能丢失数据
D:\zhuVScont\V C++\Game\Enemy.h(180,39): warning C4244: “参数”: 从“double”转换到“int”，可能丢失数据
D:\zhuVScont\V C++\Game\Enemy.h(180,24): warning C4244: “参数”: 从“double”转换到“int”，可能丢失数据
D:\zhuVScont\V C++\Game\Enemy.h(184,39): warning C4244: “参数”: 从“double”转换到“int”，可能丢失数据
D:\zhuVScont\V C++\Game\Enemy.h(184,24): warning C4244: “参数”: 从“double”转换到“int”，可能丢失数据
D:\zhuVScont\V C++\Game\Enemy.h(189,38): warning C4244: “参数”: 从“double”转换到“int”，可能丢失数据
D:\zhuVScont\V C++\Game\Enemy.h(189,23): warning C4244: “参数”: 从“double”转换到“int”，可能丢失数据
D:\zhuVScont\V C++\Game\Enemy.h(192,39): warning C4244: “参数”: 从“double”转换到“int”，可能丢失数据
D:\zhuVScont\V C++\Game\Enemy.h(192,24): warning C4244: “参数”: 从“double”转换到“int”，可能丢失数据
D:\zhuVScont\V C++\Game\Enemy.h(196,39): warning C4244: “参数”: 从“double”转换到“int”，可能丢失数据
D:\zhuVScont\V C++\Game\Enemy.h(196,24): warning C4244: “参数”: 从“double”转换到“int”，可能丢失数据
D:\zhuVScont\V C++\Game\Enemy.h(238,14): warning C4244: “参数”: 从“double”转换到“int”，可能丢失数据
D:\zhuVScont\V C++\Game\Enemy.h(238,11): warning C4244: “参数”: 从“double”转换到“int”，可能丢失数据
D:\zhuVScont\V C++\Game\Enemy.h(239,14): warning C4244: “参数”: 从“double”转换到“int”，可能丢失数据
D:\zhuVScont\V C++\Game\Enemy.h(239,11): warning C4244: “参数”: 从“double”转换到“int”，可能丢失数据
D:\zhuVScont\V C++\Game\pyq移动.cpp(402,41): warning C4244: “-=”: 从“double”转换到“int”，可能丢失数据
D:\zhuVScont\V C++\Game\pyq移动.cpp(408,39): warning C4244: “-=”: 从“double”转换到“int”，可能丢失数据
D:\zhuVScont\V C++\Game\pyq移动.cpp(479,9): warning C4244: “初始化”: 从“double”转换到“int”，可能丢失数据
D:\zhuVScont\V C++\Game\pyq移动.cpp(482,45): warning C4244: “参数”: 从“double”转换到“int”，可能丢失数据
D:\zhuVScont\V C++\Game\pyq移动.cpp(482,35): warning C4244: “参数”: 从“double”转换到“int”，可能丢失数据
D:\zhuVScont\V C++\Game\pyq移动.cpp(500,9): warning C4244: “初始化”: 从“double”转换到“int”，可能丢失数据
D:\zhuVScont\V C++\Game\pyq移动.cpp(503,45): warning C4244: “参数”: 从“double”转换到“int”，可能丢失数据
D:\zhuVScont\V C++\Game\pyq移动.cpp(503,35): warning C4244: “参数”: 从“double”转换到“int”，可能丢失数据
D:\zhuVScont\V C++\Game\pyq移动.cpp(568,18): warning C4244: “=”: 从“double”转换到“int”，可能丢失数据
D:\zhuVScont\V C++\Game\pyq移动.cpp(594,7): warning C4101: “ifQuit”: 未引用的局部变量
  正在生成代码
  Previous IPDB not found, fall back to full compilation.
D:\zhuVScont\V C++\Game\pyq移动.cpp(256): warning C4715: “attack”: 不是所有的控件路径都返回值
D:\zhuVScont\V C++\Game\Player.h(430): warning C4715: “Player::addWeapons”: 不是所有的控件路径都返回值
  All 567 functions were compiled because no usable IPDB/IOBJ from previous compilation was found.
  已完成代码的生成
  Game.vcxproj -> D:\zhuVScont\V C++\Game\x64\Release\Game.exe
